<?xml version="1.0" encoding="UTF-8"?>
<coverage generated="1538418405647" clover="3.2.0">
  <project timestamp="1538418405647" name="All files">
    <metrics statements="32" coveredstatements="32" conditionals="14" coveredconditionals="14" methods="7" coveredmethods="7" elements="53" coveredelements="53" complexity="0" loc="32" ncloc="32" packages="3" files="3" classes="3">
      <package name="server">
        <metrics statements="2" coveredstatements="2" conditionals="0" coveredconditionals="0" methods="0" coveredmethods="0"/>
        <file name="testSetup.js" path="/home/luc/Projets/oss/hacktoberfest-2018-checker/server/testSetup.js">
          <metrics statements="2" coveredstatements="2" conditionals="0" coveredconditionals="0" methods="0" coveredmethods="0"/>
          <line num="1" count="1" type="stmt"/>
          <line num="2" count="1" type="stmt"/>
        </file>
      </package>
      <package name="server.locales">
        <metrics statements="4" coveredstatements="4" conditionals="0" coveredconditionals="0" methods="0" coveredmethods="0"/>
        <file name="index.js" path="/home/luc/Projets/oss/hacktoberfest-2018-checker/server/locales/index.js">
          <metrics statements="4" coveredstatements="4" conditionals="0" coveredconditionals="0" methods="0" coveredmethods="0"/>
          <line num="1" count="1" type="stmt"/>
          <line num="2" count="1" type="stmt"/>
          <line num="5" count="1" type="stmt"/>
          <line num="12" count="1" type="stmt"/>
        </file>
      </package>
      <package name="server.service">
        <metrics statements="26" coveredstatements="26" conditionals="14" coveredconditionals="14" methods="7" coveredmethods="7"/>
        <file name="github-service.js" path="/home/luc/Projets/oss/hacktoberfest-2018-checker/server/service/github-service.js">
          <metrics statements="26" coveredstatements="26" conditionals="14" coveredconditionals="14" methods="7" coveredmethods="7"/>
          <line num="1" count="1" type="stmt"/>
          <line num="2" count="1" type="stmt"/>
          <line num="4" count="1" type="stmt"/>
          <line num="5" count="4" type="stmt"/>
          <line num="6" count="4" type="stmt"/>
          <line num="15" count="4" type="cond" truecount="2" falsecount="0"/>
          <line num="16" count="1" type="stmt"/>
          <line num="21" count="3" type="stmt"/>
          <line num="22" count="3" type="cond" truecount="2" falsecount="0"/>
          <line num="23" count="1" type="stmt"/>
          <line num="27" count="2" type="stmt"/>
          <line num="30" count="2" type="stmt"/>
          <line num="35" count="2" type="stmt"/>
          <line num="38" count="2" type="cond" truecount="2" falsecount="0"/>
          <line num="39" count="1" type="stmt"/>
          <line num="43" count="1" type="stmt"/>
          <line num="51" count="1" type="stmt"/>
          <line num="61" count="1" type="stmt"/>
          <line num="62" count="6" type="cond" truecount="2" falsecount="0"/>
          <line num="63" count="2" type="stmt"/>
          <line num="64" count="4" type="cond" truecount="4" falsecount="0"/>
          <line num="65" count="2" type="stmt"/>
          <line num="66" count="2" type="cond" truecount="2" falsecount="0"/>
          <line num="67" count="1" type="stmt"/>
          <line num="69" count="1" type="stmt"/>
          <line num="73" count="1" type="stmt"/>
        </file>
      </package>
    </metrics>
  </project>
</coverage>
