<?xml version="1.0" encoding="UTF-8"?>
<coverage generated="1540111036015" clover="3.2.0">
  <project timestamp="1540111036016" name="All files">
    <metrics statements="27" coveredstatements="27" conditionals="14" coveredconditionals="14" methods="7" coveredmethods="7" elements="48" coveredelements="48" complexity="0" loc="27" ncloc="27" packages="2" files="2" classes="2">
      <package name="server">
        <metrics statements="2" coveredstatements="2" conditionals="0" coveredconditionals="0" methods="0" coveredmethods="0"/>
        <file name="testSetup.js" path="/home/computerpionier/Projects/hacktoberfest-2018-checker/server/testSetup.js">
          <metrics statements="2" coveredstatements="2" conditionals="0" coveredconditionals="0" methods="0" coveredmethods="0"/>
          <line num="1" count="1" type="stmt"/>
          <line num="2" count="1" type="stmt"/>
        </file>
      </package>
      <package name="server.service">
        <metrics statements="25" coveredstatements="25" conditionals="14" coveredconditionals="14" methods="7" coveredmethods="7"/>
        <file name="github-service.js" path="/home/computerpionier/Projects/hacktoberfest-2018-checker/server/service/github-service.js">
          <metrics statements="25" coveredstatements="25" conditionals="14" coveredconditionals="14" methods="7" coveredmethods="7"/>
          <line num="1" count="1" type="stmt"/>
          <line num="3" count="1" type="stmt"/>
          <line num="4" count="4" type="stmt"/>
          <line num="5" count="4" type="stmt"/>
          <line num="12" count="4" type="cond" truecount="2" falsecount="0"/>
          <line num="13" count="1" type="stmt"/>
          <line num="18" count="3" type="stmt"/>
          <line num="19" count="3" type="cond" truecount="2" falsecount="0"/>
          <line num="20" count="1" type="stmt"/>
          <line num="24" count="2" type="stmt"/>
          <line num="25" count="2" type="stmt"/>
          <line num="26" count="2" type="stmt"/>
          <line num="27" count="2" type="cond" truecount="2" falsecount="0"/>
          <line num="28" count="1" type="stmt"/>
          <line num="32" count="1" type="stmt"/>
          <line num="40" count="1" type="stmt"/>
          <line num="50" count="1" type="stmt"/>
          <line num="51" count="6" type="cond" truecount="2" falsecount="0"/>
          <line num="52" count="2" type="stmt"/>
          <line num="53" count="4" type="cond" truecount="4" falsecount="0"/>
          <line num="54" count="2" type="stmt"/>
          <line num="55" count="2" type="cond" truecount="2" falsecount="0"/>
          <line num="56" count="1" type="stmt"/>
          <line num="58" count="1" type="stmt"/>
          <line num="62" count="1" type="stmt"/>
        </file>
      </package>
    </metrics>
  </project>
</coverage>
