{"/home/computerpionier/Projects/hacktoberfest-2018-checker/server/testSetup.js": {"path":"/home/computerpionier/Projects/hacktoberfest-2018-checker/server/testSetup.js","statementMap":{"0":{"start":{"line":1,"column":0},"end":{"line":1,"column":25}},"1":{"start":{"line":2,"column":0},"end":{"line":2,"column":22}}},"fnMap":{},"branchMap":{},"s":{"0":1,"1":1},"f":{},"b":{},"_coverageSchema":"332fd63041d2c1bcb487cc26dd0d5f7d97098a6c","hash":"b20fce69b8b10fe432a61aaf58c180d7e4052aaf"}
,"/home/computerpionier/Projects/hacktoberfest-2018-checker/server/service/github-service.js": {"path":"/home/computerpionier/Projects/hacktoberfest-2018-checker/server/service/github-service.js","statementMap":{"0":{"start":{"line":1,"column":16},"end":{"line":1,"column":34}},"1":{"start":{"line":3,"column":26},"end":{"line":48,"column":1}},"2":{"start":{"line":4,"column":4},"end":{"line":47,"column":7}},"3":{"start":{"line":5,"column":8},"end":{"line":46,"column":11}},"4":{"start":{"line":12,"column":12},"end":{"line":17,"column":13}},"5":{"start":{"line":13,"column":16},"end":{"line":16,"column":19}},"6":{"start":{"line":18,"column":29},"end":{"line":18,"column":45}},"7":{"start":{"line":19,"column":12},"end":{"line":23,"column":13}},"8":{"start":{"line":20,"column":16},"end":{"line":22,"column":19}},"9":{"start":{"line":24,"column":38},"end":{"line":26,"column":109}},"10":{"start":{"line":25,"column":28},"end":{"line":25,"column":108}},"11":{"start":{"line":26,"column":28},"end":{"line":26,"column":108}},"12":{"start":{"line":27,"column":12},"end":{"line":39,"column":13}},"13":{"start":{"line":28,"column":16},"end":{"line":38,"column":19}},"14":{"start":{"line":32,"column":24},"end":{"line":35,"column":25}},"15":{"start":{"line":40,"column":12},"end":{"line":44,"column":15}},"16":{"start":{"line":50,"column":22},"end":{"line":60,"column":1}},"17":{"start":{"line":51,"column":4},"end":{"line":59,"column":5}},"18":{"start":{"line":52,"column":8},"end":{"line":52,"column":137}},"19":{"start":{"line":53,"column":11},"end":{"line":59,"column":5}},"20":{"start":{"line":54,"column":8},"end":{"line":54,"column":119}},"21":{"start":{"line":55,"column":11},"end":{"line":59,"column":5}},"22":{"start":{"line":56,"column":8},"end":{"line":56,"column":120}},"23":{"start":{"line":58,"column":8},"end":{"line":58,"column":99}},"24":{"start":{"line":62,"column":0},"end":{"line":65,"column":1}}},"fnMap":{"0":{"name":"(anonymous_0)","decl":{"start":{"line":3,"column":26},"end":{"line":3,"column":27}},"loc":{"start":{"line":3,"column":40},"end":{"line":48,"column":1}},"line":3},"1":{"name":"(anonymous_1)","decl":{"start":{"line":4,"column":23},"end":{"line":4,"column":24}},"loc":{"start":{"line":4,"column":44},"end":{"line":47,"column":5}},"line":4},"2":{"name":"(anonymous_2)","decl":{"start":{"line":11,"column":11},"end":{"line":11,"column":12}},"loc":{"start":{"line":11,"column":32},"end":{"line":46,"column":9}},"line":11},"3":{"name":"(anonymous_3)","decl":{"start":{"line":25,"column":20},"end":{"line":25,"column":21}},"loc":{"start":{"line":25,"column":28},"end":{"line":25,"column":108}},"line":25},"4":{"name":"(anonymous_4)","decl":{"start":{"line":26,"column":20},"end":{"line":26,"column":21}},"loc":{"start":{"line":26,"column":28},"end":{"line":26,"column":108}},"line":26},"5":{"name":"(anonymous_5)","decl":{"start":{"line":31,"column":57},"end":{"line":31,"column":58}},"loc":{"start":{"line":31,"column":65},"end":{"line":36,"column":21}},"line":31},"6":{"name":"(anonymous_6)","decl":{"start":{"line":50,"column":22},"end":{"line":50,"column":23}},"loc":{"start":{"line":50,"column":36},"end":{"line":60,"column":1}},"line":50}},"branchMap":{"0":{"loc":{"start":{"line":12,"column":12},"end":{"line":17,"column":13}},"type":"if","locations":[{"start":{"line":12,"column":12},"end":{"line":17,"column":13}},{"start":{"line":12,"column":12},"end":{"line":17,"column":13}}],"line":12},"1":{"loc":{"start":{"line":19,"column":12},"end":{"line":23,"column":13}},"type":"if","locations":[{"start":{"line":19,"column":12},"end":{"line":23,"column":13}},{"start":{"line":19,"column":12},"end":{"line":23,"column":13}}],"line":19},"2":{"loc":{"start":{"line":27,"column":12},"end":{"line":39,"column":13}},"type":"if","locations":[{"start":{"line":27,"column":12},"end":{"line":39,"column":13}},{"start":{"line":27,"column":12},"end":{"line":39,"column":13}}],"line":27},"3":{"loc":{"start":{"line":51,"column":4},"end":{"line":59,"column":5}},"type":"if","locations":[{"start":{"line":51,"column":4},"end":{"line":59,"column":5}},{"start":{"line":51,"column":4},"end":{"line":59,"column":5}}],"line":51},"4":{"loc":{"start":{"line":53,"column":11},"end":{"line":59,"column":5}},"type":"if","locations":[{"start":{"line":53,"column":11},"end":{"line":59,"column":5}},{"start":{"line":53,"column":11},"end":{"line":59,"column":5}}],"line":53},"5":{"loc":{"start":{"line":53,"column":15},"end":{"line":53,"column":45}},"type":"binary-expr","locations":[{"start":{"line":53,"column":15},"end":{"line":53,"column":28}},{"start":{"line":53,"column":32},"end":{"line":53,"column":45}}],"line":53},"6":{"loc":{"start":{"line":55,"column":11},"end":{"line":59,"column":5}},"type":"if","locations":[{"start":{"line":55,"column":11},"end":{"line":59,"column":5}},{"start":{"line":55,"column":11},"end":{"line":59,"column":5}}],"line":55}},"s":{"0":1,"1":1,"2":4,"3":4,"4":4,"5":1,"6":3,"7":3,"8":1,"9":2,"10":2,"11":2,"12":2,"13":1,"14":1,"15":1,"16":1,"17":6,"18":2,"19":4,"20":2,"21":2,"22":1,"23":1,"24":1},"f":{"0":4,"1":4,"2":4,"3":2,"4":2,"5":1,"6":6},"b":{"0":[1,3],"1":[1,2],"2":[1,1],"3":[2,4],"4":[2,2],"5":[4,4],"6":[1,1]},"_coverageSchema":"332fd63041d2c1bcb487cc26dd0d5f7d97098a6c","hash":"133266d5d82023e4aab365c9c5e3c96d1cd79a3a"}
}
