{"/home/luc/Projets/oss/hacktoberfest-2018-checker/server/testSetup.js": {"path":"/home/luc/Projets/oss/hacktoberfest-2018-checker/server/testSetup.js","statementMap":{"0":{"start":{"line":1,"column":0},"end":{"line":1,"column":25}},"1":{"start":{"line":2,"column":0},"end":{"line":2,"column":22}}},"fnMap":{},"branchMap":{},"s":{"0":1,"1":1},"f":{},"b":{},"_coverageSchema":"332fd63041d2c1bcb487cc26dd0d5f7d97098a6c","hash":"71d40d99e6a04d6fdd2e80b94be4058d47a48cf0"}
,"/home/luc/Projets/oss/hacktoberfest-2018-checker/server/locales/index.js": {"path":"/home/luc/Projets/oss/hacktoberfest-2018-checker/server/locales/index.js","statementMap":{"0":{"start":{"line":1,"column":13},"end":{"line":1,"column":31}},"1":{"start":{"line":2,"column":11},"end":{"line":2,"column":41}},"2":{"start":{"line":5,"column":0},"end":{"line":10,"column":3}},"3":{"start":{"line":12,"column":0},"end":{"line":12,"column":22}}},"fnMap":{},"branchMap":{},"s":{"0":1,"1":1,"2":1,"3":1},"f":{},"b":{},"_coverageSchema":"332fd63041d2c1bcb487cc26dd0d5f7d97098a6c","hash":"35582a32d7ecea1c952ff4a4a0d66be7c6af13ee"}
,"/home/luc/Projets/oss/hacktoberfest-2018-checker/server/service/github-service.js": {"path":"/home/luc/Projets/oss/hacktoberfest-2018-checker/server/service/github-service.js","statementMap":{"0":{"start":{"line":1,"column":16},"end":{"line":1,"column":34}},"1":{"start":{"line":2,"column":13},"end":{"line":2,"column":34}},"2":{"start":{"line":4,"column":26},"end":{"line":59,"column":1}},"3":{"start":{"line":5,"column":2},"end":{"line":58,"column":5}},"4":{"start":{"line":6,"column":4},"end":{"line":57,"column":6}},"5":{"start":{"line":15,"column":8},"end":{"line":20,"column":9}},"6":{"start":{"line":16,"column":10},"end":{"line":19,"column":13}},"7":{"start":{"line":21,"column":25},"end":{"line":21,"column":41}},"8":{"start":{"line":22,"column":8},"end":{"line":26,"column":9}},"9":{"start":{"line":23,"column":10},"end":{"line":25,"column":13}},"10":{"start":{"line":27,"column":34},"end":{"line":37,"column":11}},"11":{"start":{"line":30,"column":14},"end":{"line":31,"column":56}},"12":{"start":{"line":35,"column":14},"end":{"line":36,"column":56}},"13":{"start":{"line":38,"column":8},"end":{"line":50,"column":9}},"14":{"start":{"line":39,"column":10},"end":{"line":49,"column":13}},"15":{"start":{"line":43,"column":14},"end":{"line":46,"column":16}},"16":{"start":{"line":51,"column":8},"end":{"line":55,"column":11}},"17":{"start":{"line":61,"column":22},"end":{"line":71,"column":1}},"18":{"start":{"line":62,"column":2},"end":{"line":70,"column":3}},"19":{"start":{"line":63,"column":4},"end":{"line":63,"column":38}},"20":{"start":{"line":64,"column":9},"end":{"line":70,"column":3}},"21":{"start":{"line":65,"column":4},"end":{"line":65,"column":32}},"22":{"start":{"line":66,"column":9},"end":{"line":70,"column":3}},"23":{"start":{"line":67,"column":4},"end":{"line":67,"column":34}},"24":{"start":{"line":69,"column":4},"end":{"line":69,"column":37}},"25":{"start":{"line":73,"column":0},"end":{"line":76,"column":2}}},"fnMap":{"0":{"name":"(anonymous_0)","decl":{"start":{"line":4,"column":26},"end":{"line":4,"column":27}},"loc":{"start":{"line":4,"column":38},"end":{"line":59,"column":1}},"line":4},"1":{"name":"(anonymous_1)","decl":{"start":{"line":5,"column":21},"end":{"line":5,"column":22}},"loc":{"start":{"line":5,"column":42},"end":{"line":58,"column":3}},"line":5},"2":{"name":"(anonymous_2)","decl":{"start":{"line":14,"column":6},"end":{"line":14,"column":7}},"loc":{"start":{"line":14,"column":27},"end":{"line":56,"column":7}},"line":14},"3":{"name":"(anonymous_3)","decl":{"start":{"line":29,"column":12},"end":{"line":29,"column":13}},"loc":{"start":{"line":30,"column":14},"end":{"line":31,"column":56}},"line":30},"4":{"name":"(anonymous_4)","decl":{"start":{"line":34,"column":12},"end":{"line":34,"column":13}},"loc":{"start":{"line":35,"column":14},"end":{"line":36,"column":56}},"line":35},"5":{"name":"(anonymous_5)","decl":{"start":{"line":42,"column":49},"end":{"line":42,"column":50}},"loc":{"start":{"line":42,"column":57},"end":{"line":47,"column":13}},"line":42},"6":{"name":"(anonymous_6)","decl":{"start":{"line":61,"column":22},"end":{"line":61,"column":23}},"loc":{"start":{"line":61,"column":34},"end":{"line":71,"column":1}},"line":61}},"branchMap":{"0":{"loc":{"start":{"line":15,"column":8},"end":{"line":20,"column":9}},"type":"if","locations":[{"start":{"line":15,"column":8},"end":{"line":20,"column":9}},{"start":{"line":15,"column":8},"end":{"line":20,"column":9}}],"line":15},"1":{"loc":{"start":{"line":22,"column":8},"end":{"line":26,"column":9}},"type":"if","locations":[{"start":{"line":22,"column":8},"end":{"line":26,"column":9}},{"start":{"line":22,"column":8},"end":{"line":26,"column":9}}],"line":22},"2":{"loc":{"start":{"line":38,"column":8},"end":{"line":50,"column":9}},"type":"if","locations":[{"start":{"line":38,"column":8},"end":{"line":50,"column":9}},{"start":{"line":38,"column":8},"end":{"line":50,"column":9}}],"line":38},"3":{"loc":{"start":{"line":62,"column":2},"end":{"line":70,"column":3}},"type":"if","locations":[{"start":{"line":62,"column":2},"end":{"line":70,"column":3}},{"start":{"line":62,"column":2},"end":{"line":70,"column":3}}],"line":62},"4":{"loc":{"start":{"line":64,"column":9},"end":{"line":70,"column":3}},"type":"if","locations":[{"start":{"line":64,"column":9},"end":{"line":70,"column":3}},{"start":{"line":64,"column":9},"end":{"line":70,"column":3}}],"line":64},"5":{"loc":{"start":{"line":64,"column":13},"end":{"line":64,"column":43}},"type":"binary-expr","locations":[{"start":{"line":64,"column":13},"end":{"line":64,"column":26}},{"start":{"line":64,"column":30},"end":{"line":64,"column":43}}],"line":64},"6":{"loc":{"start":{"line":66,"column":9},"end":{"line":70,"column":3}},"type":"if","locations":[{"start":{"line":66,"column":9},"end":{"line":70,"column":3}},{"start":{"line":66,"column":9},"end":{"line":70,"column":3}}],"line":66}},"s":{"0":1,"1":1,"2":1,"3":4,"4":4,"5":4,"6":1,"7":3,"8":3,"9":1,"10":2,"11":2,"12":2,"13":2,"14":1,"15":1,"16":1,"17":1,"18":6,"19":2,"20":4,"21":2,"22":2,"23":1,"24":1,"25":1},"f":{"0":4,"1":4,"2":4,"3":2,"4":2,"5":1,"6":6},"b":{"0":[1,3],"1":[1,2],"2":[1,1],"3":[2,4],"4":[2,2],"5":[4,4],"6":[1,1]},"_coverageSchema":"332fd63041d2c1bcb487cc26dd0d5f7d97098a6c","hash":"f5fc1c46f8175e316785490a1eb27cbfa2920460"}
}
