TN:
SF:/home/luc/Projets/oss/hacktoberfest-2018-checker/server/testSetup.js
FNF:0
FNH:0
DA:1,1
DA:2,1
LF:2
LH:2
BRF:0
BRH:0
end_of_record
TN:
SF:/home/luc/Projets/oss/hacktoberfest-2018-checker/server/locales/index.js
FNF:0
FNH:0
DA:1,1
DA:2,1
DA:8,1
DA:18,1
LF:4
LH:4
BRF:0
BRH:0
end_of_record
TN:
SF:/home/luc/Projets/oss/hacktoberfest-2018-checker/server/service/github-service.js
FN:4,(anonymous_0)
FN:5,(anonymous_1)
FN:14,(anonymous_2)
FN:29,(anonymous_3)
FN:34,(anonymous_4)
FN:42,(anonymous_5)
FN:61,(anonymous_6)
FNF:7
FNH:7
FNDA:4,(anonymous_0)
FNDA:4,(anonymous_1)
FNDA:4,(anonymous_2)
FNDA:2,(anonymous_3)
FNDA:2,(anonymous_4)
FNDA:1,(anonymous_5)
FNDA:6,(anonymous_6)
DA:1,1
DA:2,1
DA:4,1
DA:5,4
DA:6,4
DA:15,4
DA:16,1
DA:21,3
DA:22,3
DA:23,1
DA:27,2
DA:30,2
DA:35,2
DA:38,2
DA:39,1
DA:43,1
DA:51,1
DA:61,1
DA:62,6
DA:63,2
DA:64,4
DA:65,2
DA:66,2
DA:67,1
DA:69,1
DA:73,1
LF:26
LH:26
BRDA:15,0,0,1
BRDA:15,0,1,3
BRDA:22,1,0,1
BRDA:22,1,1,2
BRDA:38,2,0,1
BRDA:38,2,1,1
BRDA:62,3,0,2
BRDA:62,3,1,4
BRDA:64,4,0,2
BRDA:64,4,1,2
BRDA:64,5,0,4
BRDA:64,5,1,4
BRDA:66,6,0,1
BRDA:66,6,1,1
BRF:14
BRH:14
end_of_record
