TN:
SF:/home/computerpionier/Projects/hacktoberfest-2018-checker/server/testSetup.js
FNF:0
FNH:0
DA:1,1
DA:2,1
LF:2
LH:2
BRF:0
BRH:0
end_of_record
TN:
SF:/home/computerpionier/Projects/hacktoberfest-2018-checker/server/service/github-service.js
FN:3,(anonymous_0)
FN:4,(anonymous_1)
FN:11,(anonymous_2)
FN:25,(anonymous_3)
FN:26,(anonymous_4)
FN:31,(anonymous_5)
FN:50,(anonymous_6)
FNF:7
FNH:7
FNDA:4,(anonymous_0)
FNDA:4,(anonymous_1)
FNDA:4,(anonymous_2)
FNDA:2,(anonymous_3)
FNDA:2,(anonymous_4)
FNDA:1,(anonymous_5)
FNDA:6,(anonymous_6)
DA:1,1
DA:3,1
DA:4,4
DA:5,4
DA:12,4
DA:13,1
DA:18,3
DA:19,3
DA:20,1
DA:24,2
DA:25,2
DA:26,2
DA:27,2
DA:28,1
DA:32,1
DA:40,1
DA:50,1
DA:51,6
DA:52,2
DA:53,4
DA:54,2
DA:55,2
DA:56,1
DA:58,1
DA:62,1
LF:25
LH:25
BRDA:12,0,0,1
BRDA:12,0,1,3
BRDA:19,1,0,1
BRDA:19,1,1,2
BRDA:27,2,0,1
BRDA:27,2,1,1
BRDA:51,3,0,2
BRDA:51,3,1,4
BRDA:53,4,0,2
BRDA:53,4,1,2
BRDA:53,5,0,4
BRDA:53,5,1,4
BRDA:55,6,0,1
BRDA:55,6,1,1
BRF:14
BRH:14
end_of_record
